[debug] [2019-06-19T18:04:24.452Z] ----------------------------------------------------------------------
[debug] [2019-06-19T18:04:24.456Z] Command:       /usr/local/bin/node /usr/local/bin/firebase deploy
[debug] [2019-06-19T18:04:24.456Z] CLI Version:   6.10.0
[debug] [2019-06-19T18:04:24.456Z] Platform:      darwin
[debug] [2019-06-19T18:04:24.456Z] Node Version:  v10.16.0
[debug] [2019-06-19T18:04:24.460Z] Time:          Wed Jun 19 2019 11:04:24 GMT-0700 (Mountain Standard Time)
[debug] [2019-06-19T18:04:24.460Z] ----------------------------------------------------------------------
[debug] 
[debug] [2019-06-19T18:04:24.484Z] > command requires scopes: ["email","openid","https://www.googleapis.com/auth/cloudplatformprojects.readonly","https://www.googleapis.com/auth/firebase","https://www.googleapis.com/auth/cloud-platform"]
[debug] [2019-06-19T18:04:24.484Z] > authorizing via signed-in user
[debug] [2019-06-19T18:04:24.484Z] [iam] checking project boud-family-cabin for permissions ["firebase.projects.get","firebasehosting.sites.update"]
[debug] [2019-06-19T18:04:24.486Z] > refreshing access token with scopes: ["email","https://www.googleapis.com/auth/cloud-platform","https://www.googleapis.com/auth/cloudplatformprojects.readonly","https://www.googleapis.com/auth/firebase","openid"]
[debug] [2019-06-19T18:04:24.486Z] >>> HTTP REQUEST POST https://www.googleapis.com/oauth2/v3/token  
 <request body omitted>
[debug] [2019-06-19T18:04:24.770Z] <<< HTTP RESPONSE 200
[debug] [2019-06-19T18:04:24.808Z] >>> HTTP REQUEST POST https://cloudresourcemanager.googleapis.com/v1/projects/boud-family-cabin:testIamPermissions  

[debug] [2019-06-19T18:04:25.272Z] <<< HTTP RESPONSE 200
[debug] [2019-06-19T18:04:25.273Z] >>> HTTP REQUEST GET https://firebase.googleapis.com/v1beta1/projects/boud-family-cabin  
 
[debug] [2019-06-19T18:04:25.625Z] <<< HTTP RESPONSE 200
[info] 
[info] === Deploying to 'boud-family-cabin'...
[info] 
[info] i  deploying hosting
[debug] [2019-06-19T18:04:25.631Z] >>> HTTP REQUEST POST https://firebasehosting.googleapis.com/v1beta1/sites/boud-family-cabin/versions  

[debug] [2019-06-19T18:04:36.125Z] <<< HTTP RESPONSE 503
[debug] [2019-06-19T18:04:36.125Z] <<< HTTP RESPONSE BODY
[error] 
[error] Error: HTTP Error: 503, The service is currently unavailable.
[debug] [2019-06-19T18:04:36.331Z] Error Context: {
  "body": {
    "error": {
      "code": 503,
      "message": "The service is currently unavailable.",
      "status": "UNAVAILABLE"
    }
  },
  "response": {
    "statusCode": 503,
    "body": {
      "error": {
        "code": 503,
        "message": "The service is currently unavailable.",
        "status": "UNAVAILABLE"
      }
    },
    "headers": {
      "vary": "X-Origin, Referer, Origin,Accept-Encoding",
      "content-type": "application/json; charset=UTF-8",
      "date": "Wed, 19 Jun 2019 18:04:36 GMT",
      "server": "ESF",
      "cache-control": "private",
      "x-xss-protection": "0",
      "x-frame-options": "SAMEORIGIN",
      "x-content-type-options": "nosniff",
      "alt-svc": "quic=\":443\"; ma=2592000; v=\"46,44,43,39\"",
      "accept-ranges": "none",
      "transfer-encoding": "chunked"
    },
    "request": {
      "uri": {
        "protocol": "https:",
        "slashes": true,
        "auth": null,
        "host": "firebasehosting.googleapis.com",
        "port": 443,
        "hostname": "firebasehosting.googleapis.com",
        "hash": null,
        "search": null,
        "query": null,
        "pathname": "/v1beta1/sites/boud-family-cabin/versions",
        "path": "/v1beta1/sites/boud-family-cabin/versions",
        "href": "https://firebasehosting.googleapis.com/v1beta1/sites/boud-family-cabin/versions"
      },
      "method": "POST"
    }
  }
}
